Analysis & Synthesis report for Sinalizador
Sun Oct 22 15:25:51 2023
Quartus II 64-Bit Version 13.0.1 Build 232 06/12/2013 Service Pack 1 SJ Web Edition


---------------------
; Table of Contents ;
---------------------
  1. Legal Notice
  2. Analysis & Synthesis Summary
  3. Analysis & Synthesis Settings
  4. Parallel Compilation
  5. Analysis & Synthesis Source Files Read
  6. Analysis & Synthesis Resource Usage Summary
  7. Analysis & Synthesis Resource Utilization by Entity
  8. State Machine - |Sinalizador|Controladora:instance_controladora|estado
  9. Registers Removed During Synthesis
 10. Removed Registers Triggering Further Register Optimizations
 11. General Register Statistics
 12. Parameter Settings for User Entity Instance: Datapath:instance_datapath|RegW:instance_Reg_E
 13. Parameter Settings for User Entity Instance: Datapath:instance_datapath|comparador:instance_Comp
 14. Parameter Settings for User Entity Instance: Datapath:instance_datapath|Reg_MA:instance_MA
 15. Parameter Settings for User Entity Instance: Datapath:instance_datapath|RegW:instance_Sobe
 16. Parameter Settings for User Entity Instance: Datapath:instance_datapath|RegW:instance_Desce
 17. Port Connectivity Checks: "Controladora:instance_controladora"
 18. Port Connectivity Checks: "Datapath:instance_datapath"
 19. Elapsed Time Per Partition
 20. Analysis & Synthesis Messages



----------------
; Legal Notice ;
----------------
Copyright (C) 1991-2013 Altera Corporation
Your use of Altera Corporation's design tools, logic functions 
and other software and tools, and its AMPP partner logic 
functions, and any output files from any of the foregoing 
(including device programming or simulation files), and any 
associated documentation or information are expressly subject 
to the terms and conditions of the Altera Program License 
Subscription Agreement, Altera MegaCore Function License 
Agreement, or other applicable license agreement, including, 
without limitation, that your use is for the sole purpose of 
programming logic devices manufactured by Altera and sold by 
Altera or its authorized distributors.  Please refer to the 
applicable agreement for further details.



+--------------------------------------------------------------------------------------+
; Analysis & Synthesis Summary                                                         ;
+------------------------------------+-------------------------------------------------+
; Analysis & Synthesis Status        ; Successful - Sun Oct 22 15:25:51 2023           ;
; Quartus II 64-Bit Version          ; 13.0.1 Build 232 06/12/2013 SP 1 SJ Web Edition ;
; Revision Name                      ; Sinalizador                                     ;
; Top-level Entity Name              ; Sinalizador                                     ;
; Family                             ; Cyclone II                                      ;
; Total logic elements               ; 0                                               ;
;     Total combinational functions  ; 0                                               ;
;     Dedicated logic registers      ; 0                                               ;
; Total registers                    ; 0                                               ;
; Total pins                         ; 14                                              ;
; Total virtual pins                 ; 0                                               ;
; Total memory bits                  ; 0                                               ;
; Embedded Multiplier 9-bit elements ; 0                                               ;
; Total PLLs                         ; 0                                               ;
+------------------------------------+-------------------------------------------------+


+----------------------------------------------------------------------------------------------------------------------+
; Analysis & Synthesis Settings                                                                                        ;
+----------------------------------------------------------------------------+--------------------+--------------------+
; Option                                                                     ; Setting            ; Default Value      ;
+----------------------------------------------------------------------------+--------------------+--------------------+
; Device                                                                     ; EP2C35F672C6       ;                    ;
; Top-level entity name                                                      ; Sinalizador        ; Sinalizador        ;
; Family name                                                                ; Cyclone II         ; Cyclone IV GX      ;
; Use smart compilation                                                      ; Off                ; Off                ;
; Enable parallel Assembler and TimeQuest Timing Analyzer during compilation ; On                 ; On                 ;
; Enable compact report table                                                ; Off                ; Off                ;
; Restructure Multiplexers                                                   ; Auto               ; Auto               ;
; Create Debugging Nodes for IP Cores                                        ; Off                ; Off                ;
; Preserve fewer node names                                                  ; On                 ; On                 ;
; Disable OpenCore Plus hardware evaluation                                  ; Off                ; Off                ;
; Verilog Version                                                            ; Verilog_2001       ; Verilog_2001       ;
; VHDL Version                                                               ; VHDL_1993          ; VHDL_1993          ;
; State Machine Processing                                                   ; Auto               ; Auto               ;
; Safe State Machine                                                         ; Off                ; Off                ;
; Extract Verilog State Machines                                             ; On                 ; On                 ;
; Extract VHDL State Machines                                                ; On                 ; On                 ;
; Ignore Verilog initial constructs                                          ; Off                ; Off                ;
; Iteration limit for constant Verilog loops                                 ; 5000               ; 5000               ;
; Iteration limit for non-constant Verilog loops                             ; 250                ; 250                ;
; Add Pass-Through Logic to Inferred RAMs                                    ; On                 ; On                 ;
; Infer RAMs from Raw Logic                                                  ; On                 ; On                 ;
; Parallel Synthesis                                                         ; On                 ; On                 ;
; DSP Block Balancing                                                        ; Auto               ; Auto               ;
; NOT Gate Push-Back                                                         ; On                 ; On                 ;
; Power-Up Don't Care                                                        ; On                 ; On                 ;
; Remove Redundant Logic Cells                                               ; Off                ; Off                ;
; Remove Duplicate Registers                                                 ; On                 ; On                 ;
; Ignore CARRY Buffers                                                       ; Off                ; Off                ;
; Ignore CASCADE Buffers                                                     ; Off                ; Off                ;
; Ignore GLOBAL Buffers                                                      ; Off                ; Off                ;
; Ignore ROW GLOBAL Buffers                                                  ; Off                ; Off                ;
; Ignore LCELL Buffers                                                       ; Off                ; Off                ;
; Ignore SOFT Buffers                                                        ; On                 ; On                 ;
; Limit AHDL Integers to 32 Bits                                             ; Off                ; Off                ;
; Optimization Technique                                                     ; Balanced           ; Balanced           ;
; Carry Chain Length                                                         ; 70                 ; 70                 ;
; Auto Carry Chains                                                          ; On                 ; On                 ;
; Auto Open-Drain Pins                                                       ; On                 ; On                 ;
; Perform WYSIWYG Primitive Resynthesis                                      ; Off                ; Off                ;
; Auto ROM Replacement                                                       ; On                 ; On                 ;
; Auto RAM Replacement                                                       ; On                 ; On                 ;
; Auto Shift Register Replacement                                            ; Auto               ; Auto               ;
; Allow Shift Register Merging across Hierarchies                            ; Auto               ; Auto               ;
; Auto Clock Enable Replacement                                              ; On                 ; On                 ;
; Strict RAM Replacement                                                     ; Off                ; Off                ;
; Allow Synchronous Control Signals                                          ; On                 ; On                 ;
; Force Use of Synchronous Clear Signals                                     ; Off                ; Off                ;
; Auto RAM to Logic Cell Conversion                                          ; Off                ; Off                ;
; Auto Resource Sharing                                                      ; Off                ; Off                ;
; Allow Any RAM Size For Recognition                                         ; Off                ; Off                ;
; Allow Any ROM Size For Recognition                                         ; Off                ; Off                ;
; Allow Any Shift Register Size For Recognition                              ; Off                ; Off                ;
; Use LogicLock Constraints during Resource Balancing                        ; On                 ; On                 ;
; Ignore translate_off and synthesis_off directives                          ; Off                ; Off                ;
; Timing-Driven Synthesis                                                    ; Off                ; Off                ;
; Report Parameter Settings                                                  ; On                 ; On                 ;
; Report Source Assignments                                                  ; On                 ; On                 ;
; Report Connectivity Checks                                                 ; On                 ; On                 ;
; Ignore Maximum Fan-Out Assignments                                         ; Off                ; Off                ;
; Synchronization Register Chain Length                                      ; 2                  ; 2                  ;
; PowerPlay Power Optimization                                               ; Normal compilation ; Normal compilation ;
; HDL message level                                                          ; Level2             ; Level2             ;
; Suppress Register Optimization Related Messages                            ; Off                ; Off                ;
; Number of Removed Registers Reported in Synthesis Report                   ; 5000               ; 5000               ;
; Number of Swept Nodes Reported in Synthesis Report                         ; 5000               ; 5000               ;
; Number of Inverted Registers Reported in Synthesis Report                  ; 100                ; 100                ;
; Clock MUX Protection                                                       ; On                 ; On                 ;
; Auto Gated Clock Conversion                                                ; Off                ; Off                ;
; Block Design Naming                                                        ; Auto               ; Auto               ;
; SDC constraint protection                                                  ; Off                ; Off                ;
; Synthesis Effort                                                           ; Auto               ; Auto               ;
; Shift Register Replacement - Allow Asynchronous Clear Signal               ; On                 ; On                 ;
; Pre-Mapping Resynthesis Optimization                                       ; Off                ; Off                ;
; Analysis & Synthesis Message Level                                         ; Medium             ; Medium             ;
; Disable Register Merging Across Hierarchies                                ; Auto               ; Auto               ;
; Resource Aware Inference For Block RAM                                     ; On                 ; On                 ;
; Synthesis Seed                                                             ; 1                  ; 1                  ;
+----------------------------------------------------------------------------+--------------------+--------------------+


Parallel compilation was disabled, but you have multiple processors available. Enable parallel compilation to reduce compilation time.
+-------------------------------------+
; Parallel Compilation                ;
+----------------------------+--------+
; Processors                 ; Number ;
+----------------------------+--------+
; Number detected on machine ; 2      ;
; Maximum allowed            ; 1      ;
+----------------------------+--------+


+----------------------------------------------------------------------------------------------------------------------------------------------------------------------+
; Analysis & Synthesis Source Files Read                                                                                                                               ;
+----------------------------------+-----------------+-----------------+-------------------------------------------------------------------------------------+---------+
; File Name with User-Entered Path ; Used in Netlist ; File Type       ; File Name with Absolute Path                                                        ; Library ;
+----------------------------------+-----------------+-----------------+-------------------------------------------------------------------------------------+---------+
; ../RegW/RegW.vhd                 ; yes             ; User VHDL File  ; C:/Users/lhenr/OneDrive/Documentos/UFMG/LSD/Lab8/Tudo/RegW/RegW.vhd                 ;         ;
; ../Reg_MA/Reg_MA.vhd             ; yes             ; User VHDL File  ; C:/Users/lhenr/OneDrive/Documentos/UFMG/LSD/Lab8/Tudo/Reg_MA/Reg_MA.vhd             ;         ;
; ../Datapath/Datapath.vhd         ; yes             ; User VHDL File  ; C:/Users/lhenr/OneDrive/Documentos/UFMG/LSD/Lab8/Tudo/Datapath/Datapath.vhd         ;         ;
; ../Controladora/Controladora.vhd ; yes             ; User VHDL File  ; C:/Users/lhenr/OneDrive/Documentos/UFMG/LSD/Lab8/Tudo/Controladora/Controladora.vhd ;         ;
; ../Comparador/Comparador.vhd     ; yes             ; User VHDL File  ; C:/Users/lhenr/OneDrive/Documentos/UFMG/LSD/Lab8/Tudo/Comparador/Comparador.vhd     ;         ;
; ../BCD_7seg/BCD_7seg.vhd         ; yes             ; User VHDL File  ; C:/Users/lhenr/OneDrive/Documentos/UFMG/LSD/Lab8/Tudo/BCD_7seg/BCD_7seg.vhd         ;         ;
; Sinalizador.vhd                  ; yes             ; User VHDL File  ; C:/Users/lhenr/OneDrive/Documentos/UFMG/LSD/Lab8/Tudo/Sinalizador/Sinalizador.vhd   ;         ;
+----------------------------------+-----------------+-----------------+-------------------------------------------------------------------------------------+---------+


+-----------------------------------------------------+
; Analysis & Synthesis Resource Usage Summary         ;
+---------------------------------------------+-------+
; Resource                                    ; Usage ;
+---------------------------------------------+-------+
;                                             ;       ;
; Total combinational functions               ; 0     ;
; Logic element usage by number of LUT inputs ;       ;
;     -- 4 input functions                    ; 0     ;
;     -- 3 input functions                    ; 0     ;
;     -- <=2 input functions                  ; 0     ;
;                                             ;       ;
; Logic elements by mode                      ;       ;
;     -- normal mode                          ; 0     ;
;     -- arithmetic mode                      ; 0     ;
;                                             ;       ;
; Total registers                             ; 0     ;
;     -- Dedicated logic registers            ; 0     ;
;     -- I/O registers                        ; 0     ;
;                                             ;       ;
; I/O pins                                    ; 14    ;
; Embedded Multiplier 9-bit elements          ; 0     ;
+---------------------------------------------+-------+


+-----------------------------------------------------------------------------------------------------------------------------------------------------------------------------+
; Analysis & Synthesis Resource Utilization by Entity                                                                                                                         ;
+----------------------------+-------------------+--------------+-------------+--------------+---------+-----------+------+--------------+---------------------+--------------+
; Compilation Hierarchy Node ; LC Combinationals ; LC Registers ; Memory Bits ; DSP Elements ; DSP 9x9 ; DSP 18x18 ; Pins ; Virtual Pins ; Full Hierarchy Name ; Library Name ;
+----------------------------+-------------------+--------------+-------------+--------------+---------+-----------+------+--------------+---------------------+--------------+
; |Sinalizador               ; 0 (0)             ; 0 (0)        ; 0           ; 0            ; 0       ; 0         ; 14   ; 0            ; |Sinalizador        ; work         ;
+----------------------------+-------------------+--------------+-------------+--------------+---------+-----------+------+--------------+---------------------+--------------+
Note: For table entries with two numbers listed, the numbers in parentheses indicate the number of resources of the given type used by the specific entity alone. The numbers listed outside of parentheses indicate the total resources of the given type used by the specific entity and all of its sub-entities in the hierarchy.


Encoding Type:  One-Hot
+------------------------------------------------------------------------+
; State Machine - |Sinalizador|Controladora:instance_controladora|estado ;
+-----------+-----------+-----------+-----------+-----------+------------+
; Name      ; estado.s4 ; estado.s3 ; estado.s2 ; estado.s1 ; estado.s0  ;
+-----------+-----------+-----------+-----------+-----------+------------+
; estado.s0 ; 0         ; 0         ; 0         ; 0         ; 0          ;
; estado.s1 ; 0         ; 0         ; 0         ; 1         ; 1          ;
; estado.s2 ; 0         ; 0         ; 1         ; 0         ; 1          ;
; estado.s3 ; 0         ; 1         ; 0         ; 0         ; 1          ;
; estado.s4 ; 1         ; 0         ; 0         ; 0         ; 1          ;
+-----------+-----------+-----------+-----------+-----------+------------+


+-------------------------------------------------------------------------------------------------+
; Registers Removed During Synthesis                                                              ;
+----------------------------------------------------------+--------------------------------------+
; Register name                                            ; Reason for Removal                   ;
+----------------------------------------------------------+--------------------------------------+
; Datapath:instance_datapath|Reg_MA:instance_MA|var1[0..3] ; Stuck at GND due to stuck port clock ;
; Datapath:instance_datapath|Reg_MA:instance_MA|var2[0..3] ; Stuck at GND due to stuck port clock ;
; Datapath:instance_datapath|Reg_MA:instance_MA|var3[0..3] ; Stuck at GND due to stuck port clock ;
; Datapath:instance_datapath|Reg_MA:instance_MA|var4[0..3] ; Stuck at GND due to stuck port clock ;
; Datapath:instance_datapath|RegW:instance_Reg_E|Q[0..3]   ; Stuck at GND due to stuck port clock ;
; Controladora:instance_controladora|estado.s0             ; Lost fanout                          ;
; Controladora:instance_controladora|estado.s2             ; Lost fanout                          ;
; Controladora:instance_controladora|estado.s3             ; Lost fanout                          ;
; Controladora:instance_controladora|estado.s4             ; Lost fanout                          ;
; Controladora:instance_controladora|estado.s1             ; Stuck at GND due to stuck port clock ;
; Total Number of Removed Registers = 25                   ;                                      ;
+----------------------------------------------------------+--------------------------------------+


+------------------------------------------------------------------------------------------------------------------------------------------+
; Removed Registers Triggering Further Register Optimizations                                                                              ;
+-------------------------------------------------------+-------------------------+--------------------------------------------------------+
; Register name                                         ; Reason for Removal      ; Registers Removed due to This Register                 ;
+-------------------------------------------------------+-------------------------+--------------------------------------------------------+
; Datapath:instance_datapath|Reg_MA:instance_MA|var3[3] ; Stuck at GND            ; Datapath:instance_datapath|Reg_MA:instance_MA|var4[3], ;
;                                                       ; due to stuck port clock ; Datapath:instance_datapath|RegW:instance_Reg_E|Q[0],   ;
;                                                       ;                         ; Datapath:instance_datapath|RegW:instance_Reg_E|Q[1],   ;
;                                                       ;                         ; Datapath:instance_datapath|RegW:instance_Reg_E|Q[2],   ;
;                                                       ;                         ; Datapath:instance_datapath|RegW:instance_Reg_E|Q[3]    ;
; Datapath:instance_datapath|Reg_MA:instance_MA|var2[2] ; Stuck at GND            ; Datapath:instance_datapath|Reg_MA:instance_MA|var3[2], ;
;                                                       ; due to stuck port clock ; Datapath:instance_datapath|Reg_MA:instance_MA|var4[2]  ;
; Datapath:instance_datapath|Reg_MA:instance_MA|var2[1] ; Stuck at GND            ; Datapath:instance_datapath|Reg_MA:instance_MA|var3[1], ;
;                                                       ; due to stuck port clock ; Datapath:instance_datapath|Reg_MA:instance_MA|var4[1]  ;
; Datapath:instance_datapath|Reg_MA:instance_MA|var2[0] ; Stuck at GND            ; Datapath:instance_datapath|Reg_MA:instance_MA|var3[0], ;
;                                                       ; due to stuck port clock ; Datapath:instance_datapath|Reg_MA:instance_MA|var4[0]  ;
+-------------------------------------------------------+-------------------------+--------------------------------------------------------+


+------------------------------------------------------+
; General Register Statistics                          ;
+----------------------------------------------+-------+
; Statistic                                    ; Value ;
+----------------------------------------------+-------+
; Total registers                              ; 0     ;
; Number of registers using Synchronous Clear  ; 0     ;
; Number of registers using Synchronous Load   ; 0     ;
; Number of registers using Asynchronous Clear ; 0     ;
; Number of registers using Asynchronous Load  ; 0     ;
; Number of registers using Clock Enable       ; 0     ;
; Number of registers using Preset             ; 0     ;
+----------------------------------------------+-------+


+---------------------------------------------------------------------------------------------+
; Parameter Settings for User Entity Instance: Datapath:instance_datapath|RegW:instance_Reg_E ;
+----------------+-------+--------------------------------------------------------------------+
; Parameter Name ; Value ; Type                                                               ;
+----------------+-------+--------------------------------------------------------------------+
; data_width     ; 4     ; Signed Integer                                                     ;
+----------------+-------+--------------------------------------------------------------------+
Note: In order to hide this table in the UI and the text report file, please set the "Show Parameter Settings in Synthesis Report" option in "Analysis and Synthesis Settings -> More Settings" to "Off".


+--------------------------------------------------------------------------------------------------+
; Parameter Settings for User Entity Instance: Datapath:instance_datapath|comparador:instance_Comp ;
+----------------+-------+-------------------------------------------------------------------------+
; Parameter Name ; Value ; Type                                                                    ;
+----------------+-------+-------------------------------------------------------------------------+
; data_width     ; 4     ; Signed Integer                                                          ;
+----------------+-------+-------------------------------------------------------------------------+
Note: In order to hide this table in the UI and the text report file, please set the "Show Parameter Settings in Synthesis Report" option in "Analysis and Synthesis Settings -> More Settings" to "Off".


+--------------------------------------------------------------------------------------------+
; Parameter Settings for User Entity Instance: Datapath:instance_datapath|Reg_MA:instance_MA ;
+----------------+-------+-------------------------------------------------------------------+
; Parameter Name ; Value ; Type                                                              ;
+----------------+-------+-------------------------------------------------------------------+
; w              ; 4     ; Signed Integer                                                    ;
+----------------+-------+-------------------------------------------------------------------+
Note: In order to hide this table in the UI and the text report file, please set the "Show Parameter Settings in Synthesis Report" option in "Analysis and Synthesis Settings -> More Settings" to "Off".


+--------------------------------------------------------------------------------------------+
; Parameter Settings for User Entity Instance: Datapath:instance_datapath|RegW:instance_Sobe ;
+----------------+-------+-------------------------------------------------------------------+
; Parameter Name ; Value ; Type                                                              ;
+----------------+-------+-------------------------------------------------------------------+
; data_width     ; 1     ; Signed Integer                                                    ;
+----------------+-------+-------------------------------------------------------------------+
Note: In order to hide this table in the UI and the text report file, please set the "Show Parameter Settings in Synthesis Report" option in "Analysis and Synthesis Settings -> More Settings" to "Off".


+---------------------------------------------------------------------------------------------+
; Parameter Settings for User Entity Instance: Datapath:instance_datapath|RegW:instance_Desce ;
+----------------+-------+--------------------------------------------------------------------+
; Parameter Name ; Value ; Type                                                               ;
+----------------+-------+--------------------------------------------------------------------+
; data_width     ; 1     ; Signed Integer                                                     ;
+----------------+-------+--------------------------------------------------------------------+
Note: In order to hide this table in the UI and the text report file, please set the "Show Parameter Settings in Synthesis Report" option in "Analysis and Synthesis Settings -> More Settings" to "Off".


+----------------------------------------------------------------+
; Port Connectivity Checks: "Controladora:instance_controladora" ;
+-------+-------+----------+-------------------------------------+
; Port  ; Type  ; Severity ; Details                             ;
+-------+-------+----------+-------------------------------------+
; clock ; Input ; Info     ; Stuck at GND                        ;
+-------+-------+----------+-------------------------------------+


+--------------------------------------------------------------------------------------------------------------------+
; Port Connectivity Checks: "Datapath:instance_datapath"                                                             ;
+----------+--------+----------+-------------------------------------------------------------------------------------+
; Port     ; Type   ; Severity ; Details                                                                             ;
+----------+--------+----------+-------------------------------------------------------------------------------------+
; clock    ; Input  ; Info     ; Stuck at GND                                                                        ;
; subindo  ; Output ; Info     ; Connected to dangling logic. Logic that only feeds a dangling port will be removed. ;
; descendo ; Output ; Info     ; Connected to dangling logic. Logic that only feeds a dangling port will be removed. ;
; display  ; Output ; Info     ; Connected to dangling logic. Logic that only feeds a dangling port will be removed. ;
+----------+--------+----------+-------------------------------------------------------------------------------------+


+-------------------------------+
; Elapsed Time Per Partition    ;
+----------------+--------------+
; Partition Name ; Elapsed Time ;
+----------------+--------------+
; Top            ; 00:00:00     ;
+----------------+--------------+


+-------------------------------+
; Analysis & Synthesis Messages ;
+-------------------------------+
Info: *******************************************************************
Info: Running Quartus II 64-Bit Analysis & Synthesis
    Info: Version 13.0.1 Build 232 06/12/2013 Service Pack 1 SJ Web Edition
    Info: Processing started: Sun Oct 22 15:25:43 2023
Info: Command: quartus_map --read_settings_files=on --write_settings_files=off Sinalizador -c Sinalizador
Warning (20028): Parallel compilation is not licensed and has been disabled
Info (12021): Found 2 design units, including 1 entities, in source file /users/lhenr/onedrive/documentos/ufmg/lsd/lab8/tudo/regw/regw.vhd
    Info (12022): Found design unit 1: RegW-RTL
    Info (12023): Found entity 1: RegW
Info (12021): Found 2 design units, including 1 entities, in source file /users/lhenr/onedrive/documentos/ufmg/lsd/lab8/tudo/reg_ma/reg_ma.vhd
    Info (12022): Found design unit 1: Reg_MA-arch
    Info (12023): Found entity 1: Reg_MA
Info (12021): Found 2 design units, including 1 entities, in source file /users/lhenr/onedrive/documentos/ufmg/lsd/lab8/tudo/datapath/datapath.vhd
    Info (12022): Found design unit 1: Datapath-arch
    Info (12023): Found entity 1: Datapath
Info (12021): Found 2 design units, including 1 entities, in source file /users/lhenr/onedrive/documentos/ufmg/lsd/lab8/tudo/controladora/controladora.vhd
    Info (12022): Found design unit 1: Controladora-arch
    Info (12023): Found entity 1: Controladora
Info (12021): Found 2 design units, including 1 entities, in source file /users/lhenr/onedrive/documentos/ufmg/lsd/lab8/tudo/comparador/comparador.vhd
    Info (12022): Found design unit 1: comparador-comp
    Info (12023): Found entity 1: comparador
Info (12021): Found 2 design units, including 1 entities, in source file /users/lhenr/onedrive/documentos/ufmg/lsd/lab8/tudo/bcd_7seg/bcd_7seg.vhd
    Info (12022): Found design unit 1: Bcd_7seg-with_select_bcd7seg
    Info (12023): Found entity 1: Bcd_7seg
Info (12021): Found 2 design units, including 1 entities, in source file sinalizador.vhd
    Info (12022): Found design unit 1: Sinalizador-arch
    Info (12023): Found entity 1: Sinalizador
Info (12021): Found 2 design units, including 1 entities, in source file tb_sinalizador.vhd
    Info (12022): Found design unit 1: tb_Sinalizador-teste
    Info (12023): Found entity 1: tb_Sinalizador
Info (12127): Elaborating entity "Sinalizador" for the top level hierarchy
Warning (10541): VHDL Signal Declaration warning at Sinalizador.vhd(11): used implicit default value for signal "Subindo" because signal was never assigned a value or an explicit default value. Use of implicit default value may introduce unintended design optimizations.
Warning (10541): VHDL Signal Declaration warning at Sinalizador.vhd(12): used implicit default value for signal "Descendo" because signal was never assigned a value or an explicit default value. Use of implicit default value may introduce unintended design optimizations.
Warning (10541): VHDL Signal Declaration warning at Sinalizador.vhd(13): used implicit default value for signal "Display" because signal was never assigned a value or an explicit default value. Use of implicit default value may introduce unintended design optimizations.
Warning (10540): VHDL Signal Declaration warning at Sinalizador.vhd(56): used explicit default value for signal "clk" because signal was never assigned a value
Warning (10541): VHDL Signal Declaration warning at Sinalizador.vhd(57): used implicit default value for signal "fioReset" because signal was never assigned a value or an explicit default value. Use of implicit default value may introduce unintended design optimizations.
Warning (10036): Verilog HDL or VHDL warning at Sinalizador.vhd(58): object "saidaSubindo" assigned a value but never read
Warning (10036): Verilog HDL or VHDL warning at Sinalizador.vhd(58): object "saidaDescendo" assigned a value but never read
Warning (10541): VHDL Signal Declaration warning at Sinalizador.vhd(59): used implicit default value for signal "fioE" because signal was never assigned a value or an explicit default value. Use of implicit default value may introduce unintended design optimizations.
Warning (10036): Verilog HDL or VHDL warning at Sinalizador.vhd(60): object "saidaDisplay" assigned a value but never read
Info (12128): Elaborating entity "Datapath" for hierarchy "Datapath:instance_datapath"
Info (12128): Elaborating entity "RegW" for hierarchy "Datapath:instance_datapath|RegW:instance_Reg_E"
Info (12128): Elaborating entity "comparador" for hierarchy "Datapath:instance_datapath|comparador:instance_Comp"
Info (12128): Elaborating entity "Reg_MA" for hierarchy "Datapath:instance_datapath|Reg_MA:instance_MA"
Info (12128): Elaborating entity "Bcd_7seg" for hierarchy "Datapath:instance_datapath|Bcd_7seg:instance_BCD"
Info (12128): Elaborating entity "RegW" for hierarchy "Datapath:instance_datapath|RegW:instance_Sobe"
Info (12128): Elaborating entity "Controladora" for hierarchy "Controladora:instance_controladora"
Warning (13024): Output pins are stuck at VCC or GND
    Warning (13410): Pin "Subindo" is stuck at GND
    Warning (13410): Pin "Descendo" is stuck at GND
    Warning (13410): Pin "Display[0]" is stuck at GND
    Warning (13410): Pin "Display[1]" is stuck at GND
    Warning (13410): Pin "Display[2]" is stuck at GND
    Warning (13410): Pin "Display[3]" is stuck at GND
    Warning (13410): Pin "Display[4]" is stuck at GND
    Warning (13410): Pin "Display[5]" is stuck at GND
    Warning (13410): Pin "Display[6]" is stuck at GND
Info (17049): 4 registers lost all their fanouts during netlist optimizations.
Info (16010): Generating hard_block partition "hard_block:auto_generated_inst"
    Info (16011): Adding 0 node(s), including 0 DDIO, 0 PLL, 0 transceiver and 0 LCELL
Warning (21074): Design contains 5 input pin(s) that do not drive logic
    Warning (15610): No output dependent on input pin "Reset"
    Warning (15610): No output dependent on input pin "E[0]"
    Warning (15610): No output dependent on input pin "E[1]"
    Warning (15610): No output dependent on input pin "E[2]"
    Warning (15610): No output dependent on input pin "E[3]"
Info (21057): Implemented 14 device resources after synthesis - the final resource count might be different
    Info (21058): Implemented 5 input pins
    Info (21059): Implemented 9 output pins
Info: Quartus II 64-Bit Analysis & Synthesis was successful. 0 errors, 26 warnings
    Info: Peak virtual memory: 4624 megabytes
    Info: Processing ended: Sun Oct 22 15:25:51 2023
    Info: Elapsed time: 00:00:08
    Info: Total CPU time (on all processors): 00:00:02


