Flow report for mean_4_clocks
Fri Sep 29 20:38:13 2023
Quartus II 32-bit Version 13.0.1 Build 232 06/12/2013 Service Pack 1 SJ Web Edition


---------------------
; Table of Contents ;
---------------------
  1. Legal Notice
  2. Flow Summary
  3. Flow Settings
  4. Flow Non-Default Global Settings
  5. Flow Elapsed Time
  6. Flow OS Summary
  7. Flow Log
  8. Flow Messages
  9. Flow Suppressed Messages



----------------
; Legal Notice ;
----------------
Copyright (C) 1991-2013 Altera Corporation
Your use of Altera Corporation's design tools, logic functions 
and other software and tools, and its AMPP partner logic 
functions, and any output files from any of the foregoing 
(including device programming or simulation files), and any 
associated documentation or information are expressly subject 
to the terms and conditions of the Altera Program License 
Subscription Agreement, Altera MegaCore Function License 
Agreement, or other applicable license agreement, including, 
without limitation, that your use is for the sole purpose of 
programming logic devices manufactured by Altera and sold by 
Altera or its authorized distributors.  Please refer to the 
applicable agreement for further details.



+--------------------------------------------------------------------------------------+
; Flow Summary                                                                         ;
+------------------------------------+-------------------------------------------------+
; Flow Status                        ; Successful - Fri Sep 29 20:38:13 2023           ;
; Quartus II 32-bit Version          ; 13.0.1 Build 232 06/12/2013 SP 1 SJ Web Edition ;
; Revision Name                      ; mean_4_clocks                                   ;
; Top-level Entity Name              ; mean_4_clocks                                   ;
; Family                             ; Cyclone II                                      ;
; Device                             ; EP2C35F672C6                                    ;
; Timing Models                      ; Final                                           ;
; Total logic elements               ; 32 / 33,216 ( < 1 % )                           ;
;     Total combinational functions  ; 32 / 33,216 ( < 1 % )                           ;
;     Dedicated logic registers      ; 0 / 33,216 ( 0 % )                              ;
; Total registers                    ; 0                                               ;
; Total pins                         ; 66 / 475 ( 14 % )                               ;
; Total virtual pins                 ; 0                                               ;
; Total memory bits                  ; 0 / 483,840 ( 0 % )                             ;
; Embedded Multiplier 9-bit elements ; 0 / 70 ( 0 % )                                  ;
; Total PLLs                         ; 0 / 4 ( 0 % )                                   ;
+------------------------------------+-------------------------------------------------+


+-----------------------------------------+
; Flow Settings                           ;
+-------------------+---------------------+
; Option            ; Setting             ;
+-------------------+---------------------+
; Start date & time ; 09/29/2023 20:38:04 ;
; Main task         ; Compilation         ;
; Revision Name     ; mean_4_clocks       ;
+-------------------+---------------------+


+-------------------------------------------------------------------------------------------------------------------------+
; Flow Non-Default Global Settings                                                                                        ;
+--------------------------------------+---------------------------------+---------------+-------------+------------------+
; Assignment Name                      ; Value                           ; Default Value ; Entity Name ; Section Id       ;
+--------------------------------------+---------------------------------+---------------+-------------+------------------+
; COMPILER_SIGNATURE_ID                ; 229335799692431.169603068407560 ; --            ; --          ; --               ;
; EDA_DESIGN_INSTANCE_NAME             ; NA                              ; --            ; --          ; tb_mean_4_clocks ;
; EDA_NATIVELINK_SIMULATION_TEST_BENCH ; tb_mean_4_clocks                ; --            ; --          ; eda_simulation   ;
; EDA_OUTPUT_DATA_FORMAT               ; Vhdl                            ; --            ; --          ; eda_simulation   ;
; EDA_SIMULATION_TOOL                  ; ModelSim-Altera (VHDL)          ; <None>        ; --          ; --               ;
; EDA_TEST_BENCH_ENABLE_STATUS         ; TEST_BENCH_MODE                 ; --            ; --          ; eda_simulation   ;
; EDA_TEST_BENCH_FILE                  ; tb_mean_4_clocks.vhd            ; --            ; --          ; tb_mean_4_clocks ;
; EDA_TEST_BENCH_MODULE_NAME           ; tb_mean_4_clocks                ; --            ; --          ; tb_mean_4_clocks ;
; EDA_TEST_BENCH_NAME                  ; tb_mean_4_clocks                ; --            ; --          ; eda_simulation   ;
; EDA_TEST_BENCH_RUN_SIM_FOR           ; 80 ns                           ; --            ; --          ; tb_mean_4_clocks ;
; MAX_CORE_JUNCTION_TEMP               ; 85                              ; --            ; --          ; --               ;
; MIN_CORE_JUNCTION_TEMP               ; 0                               ; --            ; --          ; --               ;
; PARTITION_COLOR                      ; 16764057                        ; --            ; --          ; Top              ;
; PARTITION_FITTER_PRESERVATION_LEVEL  ; PLACEMENT_AND_ROUTING           ; --            ; --          ; Top              ;
; PARTITION_NETLIST_TYPE               ; SOURCE                          ; --            ; --          ; Top              ;
; PROJECT_OUTPUT_DIRECTORY             ; output_files                    ; --            ; --          ; --               ;
+--------------------------------------+---------------------------------+---------------+-------------+------------------+


+-------------------------------------------------------------------------------------------------------------------------------+
; Flow Elapsed Time                                                                                                             ;
+---------------------------+--------------+-------------------------+---------------------+------------------------------------+
; Module Name               ; Elapsed Time ; Average Processors Used ; Peak Virtual Memory ; Total CPU Time (on all processors) ;
+---------------------------+--------------+-------------------------+---------------------+------------------------------------+
; Analysis & Synthesis      ; 00:00:01     ; 1.0                     ; 397 MB              ; 00:00:01                           ;
; Fitter                    ; 00:00:04     ; 1.0                     ; 512 MB              ; 00:00:03                           ;
; Assembler                 ; 00:00:01     ; 1.0                     ; 362 MB              ; 00:00:01                           ;
; TimeQuest Timing Analyzer ; 00:00:00     ; 1.0                     ; 322 MB              ; 00:00:00                           ;
; EDA Netlist Writer        ; 00:00:00     ; 1.0                     ; 328 MB              ; 00:00:00                           ;
; Total                     ; 00:00:06     ; --                      ; --                  ; 00:00:05                           ;
+---------------------------+--------------+-------------------------+---------------------+------------------------------------+


+----------------------------------------------------------------------------------------+
; Flow OS Summary                                                                        ;
+---------------------------+------------------+-----------+------------+----------------+
; Module Name               ; Machine Hostname ; OS Name   ; OS Version ; Processor type ;
+---------------------------+------------------+-----------+------------+----------------+
; Analysis & Synthesis      ; DESKTOP-JD5RT4T  ; Windows 7 ; 6.2        ; x86_64         ;
; Fitter                    ; DESKTOP-JD5RT4T  ; Windows 7 ; 6.2        ; x86_64         ;
; Assembler                 ; DESKTOP-JD5RT4T  ; Windows 7 ; 6.2        ; x86_64         ;
; TimeQuest Timing Analyzer ; DESKTOP-JD5RT4T  ; Windows 7 ; 6.2        ; x86_64         ;
; EDA Netlist Writer        ; DESKTOP-JD5RT4T  ; Windows 7 ; 6.2        ; x86_64         ;
+---------------------------+------------------+-----------+------------+----------------+


------------
; Flow Log ;
------------
quartus_map --read_settings_files=on --write_settings_files=off mean_4_clocks -c mean_4_clocks
quartus_fit --read_settings_files=off --write_settings_files=off mean_4_clocks -c mean_4_clocks
quartus_asm --read_settings_files=off --write_settings_files=off mean_4_clocks -c mean_4_clocks
quartus_sta mean_4_clocks -c mean_4_clocks
quartus_eda --read_settings_files=off --write_settings_files=off mean_4_clocks -c mean_4_clocks



